C51 COMPILER V9.52.0.0   SHENGRI                                                           10/22/2019 20:27:47 PAGE 1   


C51 COMPILER V9.52.0.0, COMPILATION OF MODULE SHENGRI
OBJECT MODULE PLACED IN shengri.OBJ
COMPILER INVOKED BY: d:\Keil1\C51\BIN\C51.EXE shengri.c BROWSE DEBUG OBJECTEXTEND

line level    source

   1          #include <reg51.h>
   2          typedef unsigned char uint8;
   3          typedef unsigned int uint16;
   4          
   5          sbit K1 = P1^0;
   6          sbit K2 = P1^1;
   7          sbit K3 = P1^2;
   8          sbit K4 = P1^3;
   9          sbit BUZZER = P3^0;
  10          code uint8 SONG_TONE1[]=
  11          {
  12          212,212,190,212,159,169,212,212,190,212,142,159,212,212,106,126,129,169,190,119,119,126,159,142,159,0
  13          };
  14          code uint8 SONG_LONG1[]=
  15          {
  16          9,3,12,12,12,24,9,3,12,12,12,24,9,3,12,12,12,12,12,9,3,12,12,12,24,0
  17          };
  18          void delay(uint16 x)
  19          {
  20   1      uint16 i,j;
  21   1      for(i = x; i > 0; i --)
  22   1      for(j = 114; j > 0; j --);      
  23   1      }
  24           void PlayMusic1()
  25          {
  26   1      uint16 i =0,j,k;
  27   1      while(SONG_LONG1[i]!=0||SONG_TONE1[i]!=0)
  28   1      {
  29   2      for(j=0;j<SONG_LONG1[i]*20;j++)
  30   2      {
  31   3      BUZZER = ~BUZZER;
  32   3      for(k=0;k<SONG_TONE1[i]/3;k++);
  33   3      }
  34   2      delay(10);
  35   2      i++;
  36   2      }
  37   1      }
  38          void Play(uint8 t)
  39          {
  40   1      uint8 i;
  41   1      for(i = 0; i < 100; i ++)
  42   1      {
  43   2      BUZZER = ~BUZZER;delay(t);
  44   2      }
  45   1      }
  46          
  47          void main()
  48          {
  49   1      P1 = 0xFF;
  50   1      while(1)
  51   1      {
  52   2      if(K1==0) PlayMusic1();
  53   2      if(K2==0) Play(1);
  54   2      if(K3==0) Play(2);
  55   2      if(K4==0) Play(3);
C51 COMPILER V9.52.0.0   SHENGRI                                                           10/22/2019 20:27:47 PAGE 2   

  56   2      }
  57   1      }
  58          
  59          


MODULE INFORMATION:   STATIC OVERLAYABLE
   CODE SIZE        =    208    ----
   CONSTANT SIZE    =     52    ----
   XDATA SIZE       =   ----    ----
   PDATA SIZE       =   ----    ----
   DATA SIZE        =   ----       2
   IDATA SIZE       =   ----    ----
   BIT SIZE         =   ----    ----
END OF MODULE INFORMATION.


C51 COMPILATION COMPLETE.  0 WARNING(S),  0 ERROR(S)
