C51 COMPILER V9.52.0.0   MUS                                                               10/22/2019 19:41:01 PAGE 1   


C51 COMPILER V9.52.0.0, COMPILATION OF MODULE MUS
OBJECT MODULE PLACED IN mus.OBJ
COMPILER INVOKED BY: d:\Keil1\C51\BIN\C51.EXE mus.c BROWSE DEBUG OBJECTEXTEND

line level    source

   1          #include<reg52.h>
   2          
   3          #define uchar unsigned char
   4          
   5          sbit beepIO=P1^5;                 // 输出 为 P1.5  可以修改 成 其它 IO 口
   6          
   7          uchar m,n; 
   8          
   9          uchar code T[49][2]={{0,0},
  10          
  11          {0xF8,0x8B},{0xF8,0xF2},{0xF9,0x5B},{0xF9,0xB7},{0xFA,0x14},{0xFA,0x66},{0xFA,0xB9},{0xFB,0x03},{0xFB,0x4A
             -},{0xFB,0x8F},{0xFB,0xCF},{0xFC,0x0B},
  12          
  13          {0xFC,0x43},{0xFC,0x78},{0xFC,0xAB},{0xFC,0xDB},{0xFD,0x08},{0xFD,0x33},{0xFD,0x5B},{0xFD,0x81},{0xFD,0xA5
             -},{0xFD,0xC7},{0xFD,0xE7},{0xFE,0x05},
  14          
  15          {0xFE,0x21},{0xFE,0x3C},{0xFE,0x55},{0xFE,0x6D},{0xFE,0x84},{0xFE,0x99},{0xFE,0xAD},{0xFE,0xC0},{0xFE,0x02
             -},{0xFE,0xE3},{0xFE,0xF3},{0xFF,0x02},
  16          
  17          {0xFF,0x10},{0xFF,0x1D},{0xFF,0x2A},{0xFF,0x36},{0xFF,0x42},{0xFF,0x4C},{0xFF,0x56},{0xFF,0x60},{0xFF,0x69
             -},{0xFF,0x71},{0xFF,0x79},{0xFF,0x81}
  18          
  19          };
  20          
  21          uchar code music[][2]={{0,4},
  22          
  23          {23,4},{21,4},{23,16},{23,4},{21,4},{23,4},{21,4},{19,16},{16,4},{19,4},{21,8},{21,4},{23,4},{21,4},{19,4}
             -,{16,4},{19,4},{14,24},
  24          
  25          {23,4},{21,4},{23,16},{23,4},{21,4},{23,4},{21,4},{19,24},{16,4},{19,4},{21,8},{21,4},{23,4},{21,4},{19,4}
             -,{16,4},{19,4},{21,24},
  26          
  27          {23,4},{21,4},{23,16},{23,4},{21,4},{23,4},{21,4},{19,16},{16,4},{19,4},{21,8},{21,4},{23,4},{21,4},{19,4}
             -,{16,4},{19,4},{14,24},
  28          
  29          {23,4},{26,4},{26,16},{26,4},{28,4},{26,4},{23,24},{21,4},{23,4},{21,8},{21,4},{23,4},{21,4},{19,4},{16,4}
             -,{16,2},{19,2},{19,24},{0,20},
  30          
  31          {26,4},{26,4},{28,4},{31,4},{30,4},{30,4},{28,4},{23,4},{21,4},{21,4},{23,16},{0,4},{23,4},{23,4},{26,4},{
             -28,8},{28,12},{16,4},{23,4},{21,4},
  32          
  33          {21,24},{23,4},{26,4},{26,4},{23,4},{26,8},{0,4},{31,8},{30,4},{28,4},{30,4},{23,8},{0,4},{28,4},{28,4},{3
             -0,4},{28,4},{26,4},{23,4},{21,8},{23,4},{21,4},{23,4},{26,16},
  34          
  35          {0xFF,0xFF}};
  36          
  37          void delay(uchar p)
  38          
  39          {
  40   1      
  41   1          uchar i,j; 
  42   1      
  43   1          for(;p>0;p--)
  44   1      
  45   1          for(i=181;i>0;i--)
C51 COMPILER V9.52.0.0   MUS                                                               10/22/2019 19:41:01 PAGE 2   

  46   1      
  47   1          for(j=181;j>0;j--);
  48   1      
  49   1      }
  50          
  51          void pause()
  52          
  53          {
  54   1      
  55   1          uchar i,j;
  56   1      
  57   1          for(i=150;i>0;i--)
  58   1      
  59   1          for(j=150;j>0;j--);
  60   1      
  61   1      }
  62          
  63          void T0_int() interrupt 1
  64          
  65          {
  66   1      
  67   1       beepIO=!beepIO;
  68   1      
  69   1       TH0=T[m][0]; TL0=T[m][1];
  70   1      
  71   1      }
  72          
  73          void main()
  74          
  75          {
  76   1      
  77   1       uchar i=0; 
  78   1      
  79   1       TMOD=0x01;  EA=1; ET0=1; 
  80   1      
  81   1       while(1) 
  82   1      
  83   1            {
  84   2      
  85   2              m=music[i][0];n=music[i][1]; 
  86   2      
  87   2                 if(m==0x00)
  88   2      
  89   2                   {TR0=0;delay(n);i++;} 
  90   2      
  91   2                 else if(m==0xFF)
  92   2      
  93   2                   {TR0=0;delay(30);i=0;} 
  94   2      
  95   2                 else if(m==music[i+1][0]) 
  96   2      
  97   2                   {TR0=1;delay(n);TR0=0;pause();i++;}
  98   2      
  99   2                 else
 100   2      
 101   2                   {TR0=1;delay(n);i++;}
 102   2      
 103   2            }
 104   1      
 105   1      } 


C51 COMPILER V9.52.0.0   MUS                                                               10/22/2019 19:41:01 PAGE 3   

MODULE INFORMATION:   STATIC OVERLAYABLE
   CODE SIZE        =    193    ----
   CONSTANT SIZE    =    336    ----
   XDATA SIZE       =   ----    ----
   PDATA SIZE       =   ----    ----
   DATA SIZE        =      2    ----
   IDATA SIZE       =   ----    ----
   BIT SIZE         =   ----    ----
END OF MODULE INFORMATION.


C51 COMPILATION COMPLETE.  0 WARNING(S),  0 ERROR(S)
