C51 COMPILER V9.52.0.0   MUS                                                               10/22/2019 19:46:46 PAGE 1   


C51 COMPILER V9.52.0.0, COMPILATION OF MODULE MUS
OBJECT MODULE PLACED IN mus.OBJ
COMPILER INVOKED BY: d:\Keil1\C51\BIN\C51.EXE mus.c BROWSE DEBUG OBJECTEXTEND

line level    source

   1          #include<reg52.h>
   2          #define   uint   unsigned int
   3          #define   uchar  unsigned char
   4          sbit      speaker=P1^0; //学校给的学习板次了点，用两个I/O口控制蜂鸣器。不过大多数的学习板是一个I/O口控制。
   5          //sbit      speaker1=P1^1; //如果你的板是一个I/O控制的，这行可以删掉。
   6          uint k,i;
   7          unsigned char timer0h,timer0l,time;
   8                  //生日歌
   9          code unsigned char sszymmh[]={
  10                   5,1,1, 5,1,1, 6,1,2, 5,1,2, 1,2,2, 7,1,4,
  11                   5,1,1, 5,1,1, 6,1,2, 5,1,2, 2,2,2, 1,2,4,
  12                   5,1,1, 5,1,1, 5,2,2, 3,2,2, 1,2,2, 7,1,2, 6,1,2,
  13                   4,2,1, 4,2,1, 3,2,2, 1,2,2, 2,2,2, 1,2,4};
  14                 // 音阶频率表 高八位
  15          code unsigned char FREQH[]={
  16                  0xF2,0xF3,0xF5,0xF5,0xF6,0xF7,0xF8,
  17                  0xF9,0xF9,0xFA,0xFA,0xFB,0xFB,0xFC,0xFC, //1,2,3,4,5,6,7,8,i
  18                  0xFC,0xFD,0xFD,0xFD,0xFD,0xFE,
  19                  0xFE,0xFE,0xFE,0xFE,0xFE,0xFE,0xFF,
  20                                      } ;// 音阶频率表 低八位
  21          code unsigned char FREQL[]={
  22                0x42,0xC1,0x17,0xB6,0xD0,0xD1,0xB6,
  23                0x21,0xE1,0x8C,0xD8,0x68,0xE9,0x5B,0x8F, //1,2,3,4,5,6,7,8,i
  24                0xEE,0x44, 0x6B,0xB4,0xF4,0x2D,
  25                0x47,0x77,0xA2,0xB6,0xDA,0xFA,0x16,
  26                                      };
  27          void delay(unsigned char t)
  28             {
  29   1         unsigned char t1;
  30   1         unsigned long t2;
  31   1         for(t1=0;t1<t;t1++)
  32   1         {
  33   2          for(t2=0;t2<8000;t2++)
  34   2             {
  35   3              ;
  36   3              }
  37   2         }
  38   1         TR0=0;
  39   1       }
  40          void t0int() interrupt 1
  41          {
  42   1       TR0=0;
  43   1       speaker=!speaker;
  44   1       TH0=timer0h;
  45   1       TL0=timer0l;
  46   1       TR0=1;
  47   1       }
  48          void song()
  49          {
  50   1       TH0=timer0h;
  51   1       TL0=timer0l;
  52   1       TR0=1;
  53   1       delay(time);                      
  54   1       }
  55           void main(void)
C51 COMPILER V9.52.0.0   MUS                                                               10/22/2019 19:46:46 PAGE 2   

  56           {
  57   1      speaker=0; //一个I/O控制的话这行也要删掉
  58   1       //unsigned int k,i;
  59   1       TMOD=1; //置CT0定时工作方式1
  60   1       EA=1;
  61   1       ET0=1;//IE=0x82 //CPU开中断,CT0开中断
  62   1       while(1)
  63   1          {
  64   2             i=0; 
  65   2             while(i<75)
  66   2          {         //音乐数组长度 ，唱完从头再来       
  67   3             k=sszymmh[i]+7*sszymmh[i+1]-1;
  68   3             timer0h=FREQH[k];
  69   3             timer0l=FREQL[k];
  70   3             time=sszymmh[i+2];
  71   3             i=i+3;
  72   3             song();
  73   3              }
  74   2          }
  75   1        }


MODULE INFORMATION:   STATIC OVERLAYABLE
   CODE SIZE        =    236    ----
   CONSTANT SIZE    =    131    ----
   XDATA SIZE       =   ----    ----
   PDATA SIZE       =   ----    ----
   DATA SIZE        =      7       6
   IDATA SIZE       =   ----    ----
   BIT SIZE         =   ----    ----
END OF MODULE INFORMATION.


C51 COMPILATION COMPLETE.  0 WARNING(S),  0 ERROR(S)
