C51 COMPILER V9.52.0.0   MAIN                                                              10/28/2019 23:23:43 PAGE 1   


C51 COMPILER V9.52.0.0, COMPILATION OF MODULE MAIN
OBJECT MODULE PLACED IN main.OBJ
COMPILER INVOKED BY: D:\keil\C51\BIN\C51.EXE main.c BROWSE DEBUG OBJECTEXTEND TABS(2)

line level    source

   1          #include <REGX52.H>
   2          #include "SD.h"
   3          #include <intrins.h> 
   4          //数码管段码端口
   5          #define PP  P3
   6          //共阳极数码管段码
   7          unsigned char code SEG7[]={/*0,1,2,3,4,5,6,7,8,9,*/
   8          0xC0,0xF9,0xA4,0xB0,0x99,0x92,0x82,0xF8,0x80,0x90,};
   9          //数码管显示缓冲
  10          unsigned char num[]={1,2};
  11          //数码管位码端口
  12          sbit      q1=P2^6;
  13          sbit      q2=P2^7;
  14          //复位开始停止加1减1按键
  15          sbit      k1=P2^5;
  16          sbit      k2=P1^4;
  17          sbit      k3=P1^5;
  18          sbit      k4=P1^6;
  19          sbit      k5=P1^7;
  20          //----------------------------------------------------
  21          unsigned long  SD_ADDR=0;
  22          unsigned int count;
  23          unsigned char xdata DATA[512];
  24          sbit E = P2^0;
  25          sbit RW = P2^1;
  26          sbit RS = P2^2;
  27          sbit CS2 = P2^3;
  28          sbit CS1 = P2^4;  //端口定义
  29          #define DataPort P0
  30           /*12864判忙 */
  31          bit Chek_Busy(void)
  32          {
  33   1          DataPort = 0xff;
  34   1          RW = 1;
  35   1          RS = 0;
  36   1          E = 1;
  37   1          E = 0;
  38   1          return (bit)(DataPort & 0x80);
  39   1      }
  40          /*------------------------------------------------
  41                      选屏
  42          i:0是左屏,1是右屏,2全屏
  43          ------------------------------------------------*/
  44          void Choose_12864(unsigned char i)
  45          {            
  46   1         switch (i)      
  47   1         {
  48   2             case 0: CS1 = 0;CS2 = 1;break;   
  49   2             case 1: CS1 = 1;CS2 = 0;break;
  50   2             case 2: CS1 = 0;CS2 = 0;break;
  51   2           default: break;
  52   2         }
  53   1      }
  54          /*------------------------------------------------
  55                  写命令
C51 COMPILER V9.52.0.0   MAIN                                                              10/28/2019 23:23:43 PAGE 2   

  56          ------------------------------------------------*/
  57          void LCD_Cmd(unsigned char cmd)
  58          {
  59   1          while(Chek_Busy());
  60   1          RW = 0;          
  61   1          RS = 0;
  62   1          DataPort = cmd;
  63   1          E = 1;
  64   1          E = 0;          
  65   1      }
  66          /*------------------------------------------------
  67                  读LCD
  68          ------------------------------------------------*/
  69          unsigned char LCD_Read()
  70          {
  71   1          unsigned char read_data;
  72   1          while(Chek_Busy());
  73   1          RW = 1;//需进行一次空读
  74   1          RS = 1;
  75   1          E = 1;
  76   1          E = 0;
  77   1      
  78   1          RW = 1;
  79   1          RS = 1;
  80   1          E = 1;
  81   1          read_data = DataPort;
  82   1          E = 0;        
  83   1          return (read_data);    
  84   1      }
  85          /*------------------------------------------------
  86                  写数据
  87          ------------------------------------------------*/
  88          void  LCD_Data(unsigned char dat)
  89          {
  90   1          while(Chek_Busy());
  91   1          RW = 0;          
  92   1          RS = 1;
  93   1          DataPort = dat;
  94   1          E = 1;
  95   1          E = 0; 
  96   1      }
  97          /*------------------------------------------------
  98                       设置地址
  99          PAGE:0-7;
 100          Y_Address:0-63
 101          ------------------------------------------------*/
 102          void Set_PageY(unsigned char PAGE,unsigned char Y_Address)
 103          {
 104   1          LCD_Cmd(0xB8 + PAGE);
 105   1          LCD_Cmd(0x40 + Y_Address);
 106   1      }
 107          /*------------------------------------------------
 108                          清屏
 109          ------------------------------------------------*/
 110          void LCD_Clear(void)
 111          {
 112   1          unsigned char page,row;
 113   1          Choose_12864(2);
 114   1          for (page = 0xb8; page < 0xc0; page ++)
 115   1          {
 116   2              LCD_Cmd(page);
 117   2            LCD_Cmd(0x40);
C51 COMPILER V9.52.0.0   MAIN                                                              10/28/2019 23:23:43 PAGE 3   

 118   2            for (row = 0; row < 64; row ++)
 119   2            {
 120   3                LCD_Data(0x00);//对12864所有地址全部写零
 121   3            }
 122   2          }
 123   1      }
 124          /*------------------------------------------------
 125                         初始化
 126          ------------------------------------------------*/
 127          void LCD_Init(void)
 128          {
 129   1          CS2 = 0;
 130   1          CS1 = 0;
 131   1          LCD_Cmd(0x3F);//开显示
 132   1      }
 133          /*-------------------------------------------------
 134              显示一幅12864图片
 135          -------------------------------------------------*/
 136          void Dis_Picture(unsigned char *picture)
 137          {
 138   1          unsigned char ii,kk;
 139   1          for (kk = 0; kk < 4; kk ++)//LCD共分7=8页
 140   1          {
 141   2              Choose_12864(2);
 142   2              Set_PageY(kk,0);
 143   2              Choose_12864(0);        
 144   2              for (ii = 0; ii < 128; ii ++)
 145   2              {
 146   3                  LCD_Data(*picture);
 147   3                  picture ++;
 148   3                  if (ii == 63)
 149   3                  {
 150   4                      Choose_12864(1);
 151   4                  }
 152   3              }
 153   2          }
 154   1      }
 155          void Dis_Pictureb(unsigned char *picture)
 156          {
 157   1          unsigned char ii,kk;
 158   1          for (kk = 4; kk < 8; kk ++)//LCD共分7=8页
 159   1          {
 160   2              Choose_12864(2);
 161   2              Set_PageY(kk,0);
 162   2              Choose_12864(0);        
 163   2              for (ii = 0; ii < 128; ii ++)
 164   2              {
 165   3                  LCD_Data(*picture);
 166   3                  picture ++;
 167   3                  if (ii == 63)
 168   3                  {
 169   4                      Choose_12864(1);
 170   4                  }
 171   3              }
 172   2          }
 173   1      }
 174          void delayus(unsigned char t)
 175          {
 176   1          while(--t);
 177   1      }
 178          void delayms(unsigned char t)
 179          {
C51 COMPILER V9.52.0.0   MAIN                                                              10/28/2019 23:23:43 PAGE 4   

 180   1          while(t--)
 181   1          {
 182   2              delayus(245);
 183   2              delayus(245);
 184   2          }
 185   1      }
 186          
 187          //--------------------------------------------------------------------
 188          //倒计时模块
 189          //延时函数ms
 190          void _delay_ms(unsigned int t)
 191          {
 192   1         unsigned int i,j;
 193   1         for(i=0;i<t;i++)
 194   1           for(j=0;j<120;j++);
 195   1      }
 196          //数码管显示
 197          void dis()
 198          { 
 199   1       //------------------  
 200   1       //显示第1位
 201   1        PP=num[0];
 202   1        q1=1;
 203   1        _delay_ms(2);
 204   1        q1=0;
 205   1       //显示第2位
 206   1        PP=num[1];
 207   1        q2=1;
 208   1        _delay_ms(2);
 209   1        q2=0;
 210   1       
 211   1      }
 212          //计时变量
 213          unsigned int jishu1s=10;
 214          unsigned int jishu1=10;
 215          unsigned int jishu2;
 216          //开始停止变量
 217          unsigned int  bz;
 218          //显示控制
 219          void dispaly()
 220          { 
 221   1         num[0]=SEG7[jishu1%100/10];  //显示个位
 222   1         num[1]=SEG7[jishu1%10]; //显示小数位
 223   1      }
 224          //按键处理
 225          void key()
 226          {
 227   1        if(k1==0){jishu1=jishu1s;while(k1==0);}//复位
 228   1        if(k2==0){bz=1;while(k2==0);}//开始
 229   1        if(k3==0){bz=0;while(k3==0);}//停止
 230   1        if(bz==0)
 231   1        {
 232   2          if(k4==0){if(jishu1s<99)jishu1s=jishu1s+1;jishu1=jishu1s;while(k4==0);} //+1
 233   2          if(k5==0){if(jishu1s>0 )jishu1s=jishu1s-1;jishu1=jishu1s;while(k5==0);} //-1
 234   2        }
 235   1      } 
 236          
 237          //----------------------------
 238          void main(void)
 239          {
 240   1      _delay_ms(10);  
 241   1         //定时器0配置方式1 16
C51 COMPILER V9.52.0.0   MAIN                                                              10/28/2019 23:23:43 PAGE 5   

 242   1        TMOD=0x01;  
 243   1        //使能定时器0 
 244   1        ET0=1;
 245   1        //定时器的初值
 246   1        TH0=(65536-50000)/256; 
 247   1        TL0=(65536-50000)%256;
 248   1        //停止开启定时器0
 249   1        TR0=1;
 250   1        EA=1;   
 251   1        LCD_Init();
 252   1        LCD_Clear();
 253   1        SdInit();
 254   1        DATA[0]=255;;
 255   1        DATA[1]=1;
 256   1        DATA[2]=2;
 257   1        DATA[3]=3;
 258   1        DATA[511]=0xf0;
 259   1        while(1)
 260   1        {
 261   2         dispaly();//显示控制 
 262   2         dis(); //显示
 263   2         key();//按键
 264   2         if(jishu1==0)
 265   2         {
 266   3           while(1)
 267   3          {
 268   4              while(!SdReadBlock(DATA,SD_ADDR,512));
 269   4              SD_ADDR+=512;
 270   4              Dis_Picture(DATA);
 271   4              while(!SdReadBlock(DATA,SD_ADDR,512));
 272   4              Dis_Pictureb(DATA);
 273   4              SD_ADDR+=512;
 274   4              delayms(100);
 275   4              key();//按键
 276   4              if(jishu1!=0) break;
 277   4              if(bz==1) SD_ADDR=0;
 278   4          }
 279   3         }
 280   2        }
 281   1          
 282   1      }
 283           //----T0 计数     
 284          void  Time0() interrupt 1
 285          {
 286   1        //重装初值50ms;
 287   1        TH0=(65536-50000)/256;  
 288   1        TL0=(65536-50000)%256;
 289   1        //开始
 290   1        if(bz==1)
 291   1        {
 292   2         jishu2=jishu2+1;
 293   2         //到达1s
 294   2         if(jishu2==20)
 295   2         { 
 296   3           jishu2=0;
 297   3           if(jishu1>0)jishu1=jishu1-1;//减1s
 298   3           if(jishu1==0)bz=0;//结束
 299   3         }
 300   2        }
 301   1        
 302   1      }

C51 COMPILER V9.52.0.0   MAIN                                                              10/28/2019 23:23:43 PAGE 6   


MODULE INFORMATION:   STATIC OVERLAYABLE
   CODE SIZE        =    777    ----
   CONSTANT SIZE    =     10    ----
   XDATA SIZE       =    512    ----
   PDATA SIZE       =   ----    ----
   DATA SIZE        =     16    ----
   IDATA SIZE       =   ----    ----
   BIT SIZE         =   ----    ----
END OF MODULE INFORMATION.


C51 COMPILATION COMPLETE.  0 WARNING(S),  0 ERROR(S)
