C51 COMPILER V9.52.0.0   LML                                                               07/17/2019 17:21:31 PAGE 1   


C51 COMPILER V9.52.0.0, COMPILATION OF MODULE LML
OBJECT MODULE PLACED IN LML.OBJ
COMPILER INVOKED BY: d:\Keil1\C51\BIN\C51.EXE LML.c BROWSE DEBUG OBJECTEXTEND

line level    source

   1          #include<reg51.h>
   2          #define uchar unsigned char
   3          void delay()
   4          {
   5   1      uchar a,b;
   6   1      for(a=500;a;a--)
   7   1      {
   8   2      for(b=500;b;b--);
   9   2      }
  10   1      }
  11          void main()
  12          {
  13   1      uchar tmp=1;
  14   1      while(1)
  15   1      {
  16   2      P0=(~tmp);
  17   2      delay();
  18   2      tmp<<=1;
  19   2      if(tmp==0)//移到最高位要重新置1
  20   2      {
  21   3      tmp=1;
  22   3      }
  23   2      }
  24   1      }


MODULE INFORMATION:   STATIC OVERLAYABLE
   CODE SIZE        =     28    ----
   CONSTANT SIZE    =   ----    ----
   XDATA SIZE       =   ----    ----
   PDATA SIZE       =   ----    ----
   DATA SIZE        =   ----    ----
   IDATA SIZE       =   ----    ----
   BIT SIZE         =   ----    ----
END OF MODULE INFORMATION.


C51 COMPILATION COMPLETE.  0 WARNING(S),  0 ERROR(S)
