C51 COMPILER V9.52.0.0   MAIN                                                              04/11/2022 17:39:13 PAGE 1   


C51 COMPILER V9.52.0.0, COMPILATION OF MODULE MAIN
OBJECT MODULE PLACED IN .\Objects\main.obj
COMPILER INVOKED BY: C:\Keil_v51\C51\BIN\C51.EXE source\source\main.c LARGE BROWSE INCDIR(.\source\head file) DEBUG OBJE
                    -CTEXTEND PRINT(.\Listings\main.lst) TABS(2) OBJECT(.\Objects\main.obj)

line level    source

   1          #include <stdio.h>
   2          #include <string.h>
   3          
   4          #include "c8051f020.h"
   5          #include "lcd.h"
   6          #include "led.h"
   7          #include "xjtu_image.h"
   8          
   9          #define SYSCLK    11059200
  10          
  11          #define TIMER_PRESCALER            12  // Based on Timer CKCON settings
  12          
  13          #define LED_TOGGLE_RATE            100 // LED toggle rate in milliseconds    1ms
  14                                                 // if LED_TOGGLE_RATE = 1, the LED will
  15                                                 // be on for 1 millisecond and off for
  16                                                 // 1 millisecond
  17          
  18          // There are SYSCLK/TIMER_PRESCALER timer ticks per second, so
  19          // SYSCLK/TIMER_PRESCALER/1000 timer ticks per millisecond.
  20          #define TIMER_TICKS_PER_MS  SYSCLK/TIMER_PRESCALER/1000
  21          
  22          // Note: LED_TOGGLE_RATE*TIMER_TICKS_PER_MS should not exceed 65535 (0xFFFF)
  23          // for the 16-bit timer
  24          
  25          #define AUX1     TIMER_TICKS_PER_MS*LED_TOGGLE_RATE
  26          #define AUX2     -AUX1
  27          #define AUX3     AUX2&0x00FF
  28          #define AUX4     ((AUX2&0xFF00)>>8)
  29          
  30          #define TIMER0_RELOAD_HIGH       AUX4  // Reload value for Timer0 high byte
  31          #define TIMER0_RELOAD_LOW        AUX3  // Reload value for Timer0 low byte
  32          
  33          const unsigned char gImage_bingo[1024] = { /* 0X00,0X01,0X80,0X00,0X40,0X00, */
  34          0X00,0X00,0X00,0X00,0X00,0X00,0X00,0X00,0X00,0X00,0X00,0X00,0X00,0X00,0X00,0X00,
  35          0X00,0X00,0X00,0X00,0X00,0X00,0X00,0X00,0X00,0X00,0X00,0X00,0X00,0X00,0X00,0X00,
  36          0X00,0X00,0X00,0X00,0X00,0X00,0X00,0X00,0X00,0X00,0X00,0X00,0X00,0X00,0X00,0X00,
  37          0X00,0X00,0X00,0X00,0X00,0X00,0X00,0X00,0X00,0X00,0X00,0X00,0X00,0X00,0X00,0X00,
  38          0X00,0X00,0X00,0X00,0X00,0X00,0X00,0X00,0X00,0X00,0X00,0X00,0X00,0X00,0X00,0X00,
  39          0X00,0X00,0X00,0X00,0X00,0X00,0X00,0X00,0X00,0X00,0X00,0X00,0X00,0X00,0X00,0X00,
  40          0X00,0X00,0X00,0X00,0X00,0X00,0X00,0X00,0X00,0X00,0X00,0X00,0X00,0X00,0X00,0X00,
  41          0X00,0X00,0X00,0X00,0X00,0X00,0X00,0X00,0X00,0X00,0X00,0X00,0X00,0X00,0X00,0X00,
  42          0X00,0X00,0X00,0X00,0X00,0X00,0X00,0X00,0X00,0X00,0X00,0X00,0X00,0X00,0X00,0X00,
  43          0X00,0X00,0X00,0X00,0X00,0X00,0X00,0X00,0X00,0X00,0X00,0X00,0X00,0X00,0X00,0X00,
  44          0X00,0X00,0X00,0X00,0X00,0X00,0X00,0X00,0X00,0X00,0X00,0X00,0X00,0X00,0X00,0X00,
  45          0X00,0X00,0X00,0X00,0X00,0X00,0X00,0X00,0X00,0X00,0X00,0X00,0X00,0X00,0X00,0X00,
  46          0X00,0X00,0X00,0X00,0X00,0X00,0X00,0X00,0X00,0X00,0X00,0X00,0X00,0X00,0X00,0X00,
  47          0X00,0X00,0X00,0X00,0X00,0X00,0X00,0X00,0X00,0X00,0X00,0X00,0X00,0X00,0X00,0X00,
  48          0X00,0X00,0X00,0X00,0X00,0X00,0X00,0X00,0X00,0X00,0X00,0X00,0X00,0X00,0X00,0X00,
  49          0X00,0X00,0X00,0X00,0X00,0X00,0X00,0X00,0X00,0X00,0X00,0X00,0X00,0X00,0X00,0X00,
  50          0X00,0X00,0X00,0X00,0X00,0X00,0X00,0X00,0X00,0X00,0X00,0X00,0X00,0X00,0X00,0X00,
  51          0X00,0X00,0X00,0X00,0X00,0X00,0X10,0X7F,0XFC,0X00,0X00,0X00,0X00,0X00,0X00,0X00,
  52          0X00,0X00,0X00,0X00,0X01,0X01,0X57,0XFF,0XFF,0X00,0X00,0X00,0X00,0X00,0X00,0X00,
  53          0X00,0X00,0X00,0X00,0X04,0X01,0X7F,0XEF,0XF0,0X00,0X00,0X00,0X00,0X00,0X00,0X00,
  54          0X00,0X00,0X00,0X00,0X00,0X03,0XFC,0X3E,0X00,0X00,0X00,0X00,0X00,0X00,0X00,0X00,
C51 COMPILER V9.52.0.0   MAIN                                                              04/11/2022 17:39:13 PAGE 2   

  55          0X00,0X00,0X00,0X00,0X00,0X1F,0XE0,0X74,0X00,0X00,0X00,0X00,0X00,0X00,0X00,0X00,
  56          0X00,0X00,0X00,0X1F,0XFF,0XFF,0X00,0X74,0X50,0X00,0X00,0X00,0X00,0X00,0X00,0X00,
  57          0X00,0X00,0X07,0XFF,0XFF,0XF0,0X00,0X75,0X35,0X00,0X00,0X00,0X00,0X00,0X00,0X00,
  58          0X00,0X00,0X38,0X00,0X00,0X00,0X00,0X3F,0X14,0X00,0X00,0X00,0X00,0X00,0X00,0X00,
  59          0X00,0X00,0XC0,0X00,0X00,0X00,0X00,0X0F,0XFC,0X00,0X00,0X00,0X00,0X00,0X00,0X00,
  60          0X00,0X03,0X00,0X00,0X00,0X00,0X18,0X0F,0X9F,0XE7,0XC0,0X00,0X00,0X00,0X00,0X00,
  61          0X00,0X04,0X00,0X00,0X00,0XC0,0XFF,0X3D,0XE0,0XFE,0X78,0X00,0X00,0X00,0X00,0X00,
  62          0X00,0X08,0X00,0X00,0X03,0XF9,0XC1,0XF8,0X67,0XC0,0X0C,0X00,0XF0,0X00,0X00,0X00,
  63          0X00,0X10,0X00,0XFC,0X0F,0X0F,0XC1,0XF0,0X6E,0X03,0X07,0X87,0X18,0X00,0X00,0X00,
  64          0X00,0X20,0X1F,0XEF,0X1E,0X0F,0XC1,0XE0,0XFC,0X0F,0X87,0XF8,0X0F,0X80,0X00,0X00,
  65          0X00,0X20,0X78,0X01,0X9E,0X1F,0X80,0XE1,0XF8,0X1F,0XDF,0XE0,0X00,0XC0,0X1C,0X00,
  66          0X00,0X27,0XC0,0XE0,0XBC,0X1F,0X80,0XC1,0XF0,0X7F,0XF3,0XC0,0X60,0X40,0XF3,0X00,
  67          0X00,0X2F,0X01,0XE0,0XF8,0X3F,0X0C,0XC3,0XE0,0X7F,0XE7,0X81,0XF0,0X41,0XC1,0X80,
  68          0X00,0X3F,0X81,0XE1,0XF8,0X6F,0X0C,0XC7,0XC0,0XF8,0XFE,0X03,0XE0,0XC3,0X81,0X80,
  69          0X00,0X3F,0XC3,0X83,0X70,0X7E,0X1C,0X07,0XC1,0XF0,0X1E,0X0F,0XE0,0XCE,0X07,0X00,
  70          0X00,0X3F,0XC3,0X0E,0XF0,0XDE,0X1C,0X0F,0XC3,0XF1,0XFC,0X1B,0X81,0X9C,0X1C,0X00,
  71          0X00,0X17,0XC0,0X06,0XE0,0XFC,0X3C,0X0F,0XC3,0XC1,0XFC,0X3F,0X03,0X38,0X70,0X00,
  72          0X00,0X1F,0XC3,0X83,0XE1,0XF8,0X3E,0X1B,0XC1,0X03,0XF8,0X3C,0X06,0X78,0XC0,0X00,
  73          0X00,0X0F,0X87,0XC3,0XE1,0XF8,0X3E,0X13,0XF0,0X06,0X78,0X78,0X0C,0XF9,0X80,0X00,
  74          0X00,0X07,0X87,0X87,0XC1,0XFE,0X7F,0X31,0XFC,0X38,0X7E,0X00,0X3B,0XFF,0X00,0X00,
  75          0X00,0X07,0X07,0X0F,0XC3,0X3F,0XFF,0XF0,0X7F,0XE0,0X3F,0X01,0XFF,0X18,0X00,0X00,
  76          0X00,0X0F,0X0C,0X1F,0XFF,0X0F,0X83,0X80,0X0C,0X00,0X1F,0XFF,0XFE,0X08,0X00,0X00,
  77          0X00,0X0F,0X00,0X3F,0XFC,0X00,0X00,0X00,0X00,0X00,0X07,0XFC,0XFE,0X30,0X00,0X00,
  78          0X00,0X0F,0X0F,0XF9,0XF0,0X00,0X00,0X00,0X00,0X00,0X00,0X01,0XFF,0XE0,0X00,0X00,
  79          0X00,0X0F,0XFF,0XFF,0XE0,0X00,0X00,0X00,0X00,0X00,0X00,0X07,0XC3,0X80,0X00,0X00,
  80          0X00,0X01,0XE0,0X0F,0XFF,0XC0,0X00,0X00,0X00,0X00,0X00,0X3F,0X00,0X00,0X00,0X00,
  81          0X00,0X00,0X00,0X00,0X7F,0XFF,0XE0,0X00,0X00,0X00,0X03,0XFC,0X00,0X00,0X00,0X00,
  82          0X00,0X00,0X00,0X00,0X03,0XFF,0XFF,0XFF,0XE0,0X0F,0XFF,0XF0,0X00,0X00,0X00,0X00,
  83          0X00,0X00,0X00,0X00,0X00,0X07,0XFF,0XFF,0XFF,0XFF,0XFF,0X00,0X00,0X00,0X00,0X00,
  84          0X00,0X00,0X00,0X00,0X00,0X00,0X01,0XFF,0XFF,0XFF,0XC0,0X00,0X00,0X00,0X00,0X00,
  85          0X00,0X00,0X00,0X00,0X00,0X00,0X00,0X00,0X00,0X00,0X00,0X00,0X00,0X00,0X00,0X00,
  86          0X00,0X00,0X00,0X00,0X00,0X00,0X00,0X00,0X00,0X00,0X00,0X00,0X00,0X00,0X00,0X00,
  87          0X00,0X00,0X00,0X00,0X00,0X00,0X00,0X00,0X00,0X00,0X00,0X00,0X00,0X00,0X00,0X00,
  88          0X00,0X00,0X00,0X00,0X00,0X00,0X00,0X00,0X00,0X00,0X00,0X00,0X00,0X00,0X00,0X00,
  89          0X00,0X00,0X00,0X00,0X00,0X00,0X00,0X00,0X00,0X00,0X00,0X00,0X00,0X00,0X00,0X00,
  90          0X00,0X00,0X00,0X00,0X00,0X00,0X00,0X00,0X00,0X00,0X00,0X00,0X00,0X00,0X00,0X00,
  91          0X00,0X00,0X00,0X00,0X00,0X00,0X00,0X00,0X00,0X00,0X00,0X00,0X00,0X00,0X00,0X00,
  92          0X00,0X00,0X00,0X00,0X00,0X00,0X00,0X00,0X00,0X00,0X00,0X00,0X00,0X00,0X00,0X00,
  93          0X00,0X00,0X00,0X00,0X00,0X00,0X00,0X00,0X00,0X00,0X00,0X00,0X00,0X00,0X00,0X00,
  94          0X00,0X00,0X00,0X00,0X00,0X00,0X00,0X00,0X00,0X00,0X00,0X00,0X00,0X00,0X00,0X00,
  95          0X00,0X00,0X00,0X00,0X00,0X00,0X00,0X00,0X00,0X00,0X00,0X00,0X00,0X00,0X00,0X00,
  96          0X00,0X00,0X00,0X00,0X00,0X00,0X00,0X00,0X00,0X00,0X00,0X00,0X00,0X00,0X00,0X00,
  97          0X00,0X00,0X00,0X00,0X00,0X00,0X00,0X00,0X00,0X00,0X00,0X00,0X00,0X00,0X00,0X00,
  98          };
  99          
 100          const unsigned char gImage_wrong[1024] = { /* 0X00,0X01,0X80,0X00,0X40,0X00, */
 101          0XFF,0XFF,0XFF,0XFF,0XFF,0XFF,0XFF,0XFF,0XFF,0XFF,0XFF,0XFF,0XFF,0XFF,0XFF,0XFF,
 102          0XFF,0XFF,0XFF,0XFF,0XFF,0XFF,0XFF,0XFF,0XFF,0XFF,0XFF,0XFF,0XFF,0XFF,0XFF,0XFF,
 103          0XFF,0XFF,0XFF,0XFF,0XFF,0XFF,0XFF,0XFF,0XFF,0XFF,0XFF,0XFF,0XFF,0XFF,0XFF,0XFF,
 104          0XFF,0X33,0XFF,0XFF,0XFF,0XFF,0XFF,0XFF,0XFF,0XFF,0XF2,0X1F,0XFF,0XFF,0XFF,0XFF,
 105          0XFF,0X73,0XEF,0XFD,0XFF,0XBF,0XFF,0XFE,0XBF,0XDF,0XFA,0XDF,0XFF,0XEF,0XFD,0XFF,
 106          0XFF,0X73,0XFF,0XFF,0XFF,0XBF,0XFF,0XFF,0XFF,0XDF,0XFA,0XDF,0XFF,0XEF,0XFD,0XFF,
 107          0XFF,0X33,0XFF,0XFF,0XFF,0XFF,0XFF,0XFF,0XFF,0XFF,0XFA,0XDF,0XFF,0XFF,0XFF,0XFF,
 108          0XFF,0XFF,0XFF,0XFF,0XFF,0XFF,0XFF,0XFF,0XFF,0XFF,0XFF,0XFF,0XFF,0XFF,0XFF,0XFF,
 109          0XFF,0XFF,0XFF,0XFF,0XFF,0XFF,0XFF,0XFF,0XFF,0XFF,0XFF,0XFF,0XFF,0XFF,0XFF,0XFF,
 110          0XFF,0XFF,0XFF,0XFF,0XFF,0XFF,0XFF,0XFF,0XFF,0XFF,0XFF,0XFF,0XFF,0XFF,0XFF,0XFF,
 111          0XFF,0XFF,0XFF,0XFF,0XFF,0XFF,0XFF,0XFF,0XEF,0XE7,0XFF,0XFF,0XFF,0XFF,0XFF,0XFF,
 112          0XFF,0XFF,0XFF,0XFF,0XFF,0XFF,0XFF,0XFF,0XE7,0XE7,0XFF,0XFF,0XFF,0XFF,0XFF,0XFF,
 113          0XFF,0XFF,0XFF,0XFF,0XFF,0XFF,0XFF,0XFF,0XC7,0XE7,0XFF,0XFF,0XFF,0XFF,0XFF,0XFF,
 114          0XFF,0XFF,0XFF,0XFF,0XFF,0XFF,0XFF,0XFF,0XC7,0XF3,0XFF,0XFF,0XFF,0XFF,0XFF,0XFF,
 115          0XFF,0XFF,0XFF,0XFF,0XFF,0XFF,0XFF,0XFF,0XCF,0XF3,0XFF,0XFF,0XFF,0XFF,0XFF,0XFF,
 116          0XFF,0XFF,0XFF,0XFF,0XFF,0XFE,0X3F,0XFF,0X8F,0XF3,0XFF,0XFF,0XFF,0XFF,0XFF,0XFF,
C51 COMPILER V9.52.0.0   MAIN                                                              04/11/2022 17:39:13 PAGE 3   

 117          0XFF,0XFF,0XFF,0XFF,0XFF,0XFE,0X3F,0XFF,0X8F,0XF3,0XFF,0XFF,0XFF,0XFF,0XFF,0XFF,
 118          0XFF,0XFF,0XFF,0XF3,0XFF,0XFF,0X1F,0XFF,0X9F,0XF3,0XFF,0XFF,0XFF,0XFF,0XFF,0XFF,
 119          0XFF,0XFF,0XFF,0XF1,0XFF,0XFF,0X9F,0XFF,0X1F,0XF3,0XFF,0XFF,0XFF,0XFF,0XFF,0XFF,
 120          0XFF,0XFF,0XFF,0XFC,0X7F,0XFF,0X8F,0XF8,0X00,0X11,0XFF,0XFF,0XFF,0XFF,0XFF,0XFF,
 121          0XFF,0XFF,0XFF,0XFE,0X3F,0XFF,0XCF,0X00,0X00,0X00,0X3F,0XFF,0XFF,0XDF,0XFF,0XFF,
 122          0XFF,0XFF,0XFF,0XFF,0X8F,0XFF,0XC0,0X1E,0X38,0XF8,0X04,0X1F,0XFF,0X0F,0XFF,0XFF,
 123          0XFF,0XFF,0XFF,0XFF,0XC3,0XFF,0XC1,0XFE,0X38,0XF9,0X80,0X7F,0XF8,0X7F,0XFF,0XFF,
 124          0XFF,0XFF,0XFF,0XFF,0XF1,0XFF,0X03,0XFE,0X78,0XF8,0X18,0X3F,0XF1,0XFF,0XFF,0XFF,
 125          0XFF,0XFF,0XFF,0XFF,0XFC,0X7C,0X33,0XFC,0X7C,0X80,0XFF,0X3F,0XFF,0XFF,0XBF,0XFF,
 126          0XFF,0XFF,0XFF,0XFF,0XFE,0X30,0XF1,0XFC,0X70,0X38,0XFF,0XFF,0XFF,0XFE,0X3F,0XFF,
 127          0XFF,0XFF,0XFF,0XFF,0XFF,0X81,0XF9,0XFC,0X00,0XFF,0XFF,0XF8,0X3F,0XF0,0XFF,0XFF,
 128          0XFF,0XFF,0XFF,0XFF,0XFF,0XC3,0XF8,0XE0,0X3F,0XFF,0XFF,0X00,0X3F,0XC3,0XFF,0XFF,
 129          0XFF,0XFF,0XFF,0XFF,0XFF,0X81,0XFC,0X07,0XFF,0X70,0X3E,0X39,0XFF,0X1F,0XFF,0XFF,
 130          0XFE,0X00,0X7F,0XFF,0XFF,0X8C,0X7F,0XFF,0XFC,0X07,0X3E,0X7C,0XFF,0X7F,0XFF,0XFF,
 131          0XFF,0X80,0X00,0X00,0X00,0X0F,0XFF,0XF0,0X0F,0X9F,0X9F,0X01,0XFF,0XFF,0XFF,0XFF,
 132          0XFF,0XFF,0XFF,0XFF,0XC1,0XFF,0XE1,0XC0,0X07,0X9F,0X9F,0X20,0X0F,0XFF,0XFF,0XFF,
 133          0XFF,0XFF,0X00,0X3F,0XFF,0XF0,0X80,0XCF,0XE3,0XCF,0XC1,0X07,0XCF,0XFF,0XFF,0XFF,
 134          0XFF,0XFF,0XFE,0X7F,0XFC,0X20,0X1C,0XCF,0XE3,0XC1,0X03,0X1F,0XCF,0XC0,0X3F,0XFF,
 135          0XFF,0XFF,0XFF,0XF9,0XFC,0X7E,0X3F,0XC7,0XE3,0X01,0XFF,0X00,0X1F,0XEF,0XFF,0XFF,
 136          0XFF,0XFF,0XFF,0XF0,0XE6,0X7F,0X1F,0XE0,0X0F,0XFF,0XE3,0XC0,0XFF,0XFF,0XFF,0XFF,
 137          0XFF,0XFF,0XFF,0XFC,0XC2,0X7F,0X9F,0XFC,0X3F,0XED,0X03,0XFF,0X3F,0XFF,0XFF,0XFF,
 138          0XFF,0XFF,0XFF,0XFE,0X48,0X3C,0X01,0XFF,0XD0,0X46,0XFF,0XFE,0X3F,0XFF,0XFF,0XFF,
 139          0XFF,0XFF,0XFF,0XFF,0X0C,0X3C,0X3F,0XF4,0X61,0XFF,0X87,0XFC,0X7F,0XFF,0XFF,0XFF,
 140          0XFF,0XFF,0XFF,0XFF,0X86,0X7F,0XFF,0X41,0XFF,0XFF,0XE0,0X18,0X7F,0XFF,0XFF,0XFF,
 141          0XFF,0XFF,0XFF,0XFF,0XCF,0XFF,0X20,0X7F,0XE3,0XFF,0XFF,0X80,0X7F,0XFF,0XFF,0XFF,
 142          0XFF,0XFF,0XFF,0XEF,0XFF,0X11,0XFF,0XFF,0XE3,0XEF,0XFF,0XE0,0X01,0XFF,0XFF,0XFF,
 143          0XFF,0XFF,0XFF,0XFF,0X80,0X9F,0XF0,0XFF,0XF1,0XC7,0XFF,0X87,0XF8,0X07,0XFF,0XFF,
 144          0XFF,0XFF,0XFF,0XFF,0XBF,0XFF,0XC1,0XFF,0XF1,0XE3,0XFE,0X1F,0XFF,0XF0,0X1F,0XFF,
 145          0XFF,0XFF,0XFF,0XFF,0XFF,0XFF,0XC0,0X79,0XF8,0X00,0XE0,0X7F,0XFF,0XFF,0XCF,0XFF,
 146          0XFF,0XFF,0XFF,0XFF,0XFF,0XFF,0XFC,0X01,0XF8,0XE0,0X01,0XFF,0XFF,0XFF,0XFF,0XFF,
 147          0XFF,0XFF,0XFF,0XFF,0XFF,0XFF,0XFE,0X00,0X00,0X00,0X00,0X07,0XFF,0XFF,0XFF,0XFF,
 148          0XFF,0XFF,0XFF,0XFF,0XFF,0XFF,0XF8,0X7E,0X00,0X07,0X1F,0XE0,0X07,0XFF,0XFF,0XFF,
 149          0XFF,0XFF,0XFF,0XFF,0XFF,0XFF,0XC1,0XFF,0XFE,0X7F,0XC7,0XFF,0XF0,0X03,0XFF,0XFF,
 150          0XFF,0XFF,0XFF,0XFF,0XFF,0XFF,0X0F,0XFF,0XFE,0X3F,0XE3,0XFF,0XFF,0XF7,0XFF,0XFF,
 151          0XFF,0XFF,0XFF,0XFF,0XFF,0XF8,0X7F,0XFF,0XFF,0X3F,0XF1,0XFF,0XFF,0XFF,0XFF,0XFF,
 152          0XFF,0XFF,0XFF,0XFF,0XFF,0XC1,0XFF,0XFF,0XFF,0X1F,0XFC,0X7F,0XFF,0XFF,0XFF,0XFF,
 153          0XFF,0XFF,0XFF,0XFF,0XFF,0X0F,0XFF,0XFF,0XFF,0X1F,0XFE,0X3F,0XFF,0XFF,0XFF,0XFF,
 154          0XFF,0XFF,0XFF,0XFF,0XF8,0X3F,0XFF,0XFF,0XFF,0X8F,0XFF,0X1F,0XFF,0XFF,0XFF,0XFF,
 155          0XFF,0XFF,0XFF,0XFF,0XC1,0XFF,0XFF,0XFF,0XFF,0X8F,0XFF,0X87,0XFF,0XFF,0XFF,0XFF,
 156          0XFF,0XFF,0XFF,0XFF,0X0F,0XFF,0XFF,0XFF,0XFF,0XC7,0XFF,0XE3,0XFF,0XFF,0XFF,0XFF,
 157          0XFF,0XFF,0XFF,0XFE,0X3F,0XFF,0XFF,0XFF,0XFF,0XC7,0XFF,0XF1,0XFF,0XFF,0XFF,0XFF,
 158          0XFF,0XFF,0XFF,0XFF,0XFF,0XFF,0XFF,0XFF,0XFF,0XEF,0XFF,0XF8,0XFF,0XFF,0XFF,0XFF,
 159          0XFF,0XFF,0XFF,0XFF,0XFF,0XFF,0XFF,0XFF,0XFF,0XFF,0XFF,0XFF,0XFF,0XFF,0XFF,0XFF,
 160          0XFF,0XFF,0XFF,0XFF,0XFF,0XFF,0XFF,0XFF,0XFF,0XFF,0XFF,0XFF,0XFF,0XFF,0XFF,0XFF,
 161          0XFF,0XFF,0XFF,0XFF,0XFF,0XFF,0XFF,0XFF,0XFF,0XFF,0XFF,0XFF,0XFF,0XFF,0XFF,0XFF,
 162          0XFF,0XFF,0XFF,0XFF,0XFF,0XFF,0XFF,0XFF,0XFF,0XFF,0XFF,0XFF,0XFF,0XFF,0XFF,0XFF,
 163          0XFF,0XFF,0XFF,0XFF,0XFF,0XFF,0XFF,0XFF,0XFF,0XFF,0XFF,0XFF,0XFF,0XFF,0XFF,0XFF,
 164          0XFF,0XFF,0XFF,0XFF,0XFF,0XFF,0XFF,0XFF,0XFF,0XFF,0XFF,0XFF,0XFF,0XFF,0XFF,0XFF,
 165          };
 166          
 167          const unsigned char gImage_win[1024] = { /* 0X00,0X01,0X80,0X00,0X40,0X00, */
 168          0X00,0X00,0X00,0X00,0X00,0X00,0X00,0X00,0X00,0X1F,0XFF,0X80,0X00,0X00,0X00,0X00,
 169          0X00,0X00,0X00,0X00,0X00,0X00,0X00,0X00,0X7F,0XFF,0XFF,0XFF,0XC0,0X00,0X00,0X00,
 170          0X00,0X00,0X00,0X00,0X00,0X00,0X00,0X1F,0XFF,0XFF,0XFF,0XFF,0XFF,0X00,0X00,0X00,
 171          0X00,0X00,0X00,0X00,0X00,0X00,0X03,0XFF,0XFF,0XFF,0XFF,0XFF,0XFF,0XE0,0X00,0X00,
 172          0X00,0X00,0X00,0X00,0X00,0X00,0X7F,0XFF,0XFF,0XFF,0XFF,0XFF,0XFF,0XFC,0X00,0X00,
 173          0X00,0X00,0X00,0X00,0X00,0X03,0XFF,0XFF,0XFF,0XFF,0XFF,0XFF,0XFF,0XFF,0X80,0X00,
 174          0X00,0X00,0X00,0X00,0X00,0X3F,0XFF,0XFF,0XFF,0XFF,0XFF,0XFF,0XFF,0XFF,0XE0,0X00,
 175          0X00,0X00,0X00,0X00,0X01,0XFF,0XFF,0XFF,0XFF,0XFF,0XFF,0XFF,0XFF,0XFF,0XF8,0X00,
 176          0X00,0X00,0X00,0X00,0X07,0XFF,0XFF,0XFF,0XFF,0XFF,0XFF,0XFF,0XFF,0XFF,0XFE,0X00,
 177          0X00,0X00,0X00,0X00,0X3F,0XFF,0XFF,0XFF,0XFF,0XFF,0XFF,0XFF,0XFF,0XFF,0XFF,0X00,
 178          0X00,0X00,0X00,0X00,0XFF,0XFF,0XFF,0XFF,0XFF,0XFF,0XFF,0XFF,0XFF,0XFF,0XFF,0X80,
C51 COMPILER V9.52.0.0   MAIN                                                              04/11/2022 17:39:13 PAGE 4   

 179          0X00,0X00,0X00,0X07,0XFF,0XFF,0XFF,0XFF,0XFF,0XFF,0XFF,0XFF,0XFF,0XFF,0XFF,0XC0,
 180          0X00,0X00,0X00,0X1F,0XFF,0XFF,0XFF,0XFF,0XFF,0XFF,0XFF,0XFF,0XFF,0XFF,0XFF,0XE0,
 181          0X00,0X00,0X00,0X7F,0XFF,0XFF,0XFF,0XFF,0XFF,0XFF,0XFF,0XFF,0XFF,0XFF,0XFF,0XF0,
 182          0X00,0X00,0X01,0XFF,0XFF,0XFF,0XFF,0XFF,0XFF,0XFF,0XFF,0XFF,0XFF,0XFF,0XFF,0XF8,
 183          0X00,0X00,0X07,0XFF,0XFF,0XFF,0XFF,0XFF,0XFF,0XFF,0XFF,0XFF,0XFF,0XFF,0XFF,0XFC,
 184          0X00,0X00,0X0F,0XFF,0XFF,0XFF,0XFF,0XFF,0XFF,0XFF,0XFF,0XFF,0XFF,0XFF,0XFF,0XFC,
 185          0X00,0X00,0X3F,0XFF,0XFF,0XFF,0XFF,0XFF,0XFF,0XFF,0XFF,0XFF,0XFF,0XFF,0XFF,0XFE,
 186          0X00,0X00,0X7F,0XFF,0XFF,0XFF,0XFF,0XFF,0XFF,0XFF,0XFF,0XFF,0XFF,0XFF,0XFF,0XFE,
 187          0X00,0X01,0XFF,0XFF,0XFF,0XFF,0XFF,0XFF,0XFF,0XFF,0XFF,0XFF,0XFF,0XFF,0XFF,0XFE,
 188          0X00,0X03,0XFF,0XFF,0XFF,0XFF,0XFF,0XFF,0XFF,0XFF,0XFF,0XFF,0XFF,0XFF,0XFF,0XFF,
 189          0X00,0X07,0XFF,0XFF,0XFF,0XFF,0XFF,0XFF,0XFF,0XFF,0XFF,0XFF,0XFF,0XFF,0XFF,0XFF,
 190          0X00,0X1F,0XFF,0XFF,0XFF,0XFF,0XFF,0XFF,0XFF,0XFF,0XFF,0XFF,0XFF,0XFF,0XFF,0XFF,
 191          0X00,0X3F,0XFF,0XFF,0XFF,0XFF,0XFF,0XFF,0XFF,0XFF,0XFF,0XFF,0XFF,0XFF,0XFF,0XFF,
 192          0X00,0X78,0X03,0X03,0XC0,0X3F,0X00,0X60,0X00,0X40,0X20,0X00,0X60,0X04,0X1F,0XFF,
 193          0X00,0XFC,0X03,0X83,0X80,0X0F,0X80,0XE0,0X80,0XE0,0X70,0X80,0XE0,0X0E,0X3F,0XFE,
 194          0X01,0XFE,0X07,0X87,0X00,0X07,0XC1,0XF0,0XC0,0XE0,0X71,0XC0,0XF0,0X06,0X3F,0XFE,
 195          0X03,0XFE,0X03,0X8E,0X0F,0X03,0XC1,0XF9,0XC0,0XE0,0X71,0XC0,0XF0,0X02,0X3F,0XFE,
 196          0X07,0XFF,0X03,0X1C,0X0F,0X81,0XC1,0XF8,0XE0,0XE0,0X71,0XC0,0XF0,0X02,0X3F,0XFE,
 197          0X07,0XFF,0X81,0X1C,0X1F,0X81,0XC1,0XF8,0XE0,0XE0,0X73,0XC0,0XF1,0X00,0X3F,0XFC,
 198          0X0F,0XFF,0X80,0X38,0X1F,0X81,0X81,0XF8,0XE0,0X40,0X23,0XC0,0XF1,0X80,0X3F,0XFC,
 199          0X1F,0XFF,0XC0,0X78,0X1F,0XC0,0X81,0XF8,0XE0,0X40,0X23,0XC0,0XF1,0XC0,0X3F,0XF8,
 200          0X1F,0XFF,0XC0,0X78,0X1F,0XC0,0X81,0XF8,0XE0,0X40,0X23,0XC0,0XF1,0XC0,0X3F,0XF8,
 201          0X3F,0XFF,0XE0,0XF8,0X1F,0XC0,0X81,0XF8,0XE0,0X40,0X23,0XC0,0XF1,0XE0,0X3F,0XF0,
 202          0X3F,0XFF,0XE0,0XF8,0X1F,0XC0,0X81,0XF8,0XF0,0X08,0X07,0XC0,0XF1,0XF0,0X3F,0XE0,
 203          0X7F,0XFF,0XE0,0XFC,0X0F,0XC1,0X81,0XF8,0XF0,0X08,0X07,0XC0,0XF1,0XF8,0X3F,0XE0,
 204          0X7F,0XFF,0XE0,0XFC,0X0F,0X81,0X81,0XF8,0XF0,0X08,0X07,0XC0,0XF1,0XFC,0X3F,0XC0,
 205          0X7F,0XFF,0XE0,0XFE,0X07,0X83,0X80,0XF8,0XF0,0X08,0X07,0XC0,0XF1,0XFE,0X3F,0X80,
 206          0X7F,0XFF,0XE0,0X7E,0X02,0X07,0XC0,0X61,0XF0,0X18,0X0F,0XC0,0XF1,0XFE,0X3F,0X00,
 207          0XFF,0XFF,0XC0,0X7F,0X80,0X0F,0XC0,0X03,0XF0,0X18,0X07,0XC0,0XE1,0XFE,0X3E,0X00,
 208          0XFF,0XFF,0X80,0X3F,0XC0,0X1F,0XF0,0X07,0XF0,0X08,0X07,0X80,0X60,0XFC,0X1C,0X00,
 209          0XFF,0XFF,0XFF,0XFF,0XFF,0XFF,0XFF,0XFF,0XFF,0XFF,0XFF,0XFF,0XFF,0XFF,0XF8,0X00,
 210          0XFF,0XFF,0XFF,0XFF,0XFF,0XFF,0XFF,0XFF,0XFF,0XFF,0XFF,0XFF,0XFF,0XFF,0XE0,0X00,
 211          0X7F,0XFF,0XFF,0XFF,0XFF,0XFF,0XFF,0XFF,0XFF,0XFF,0XFF,0XFF,0XFF,0XFF,0XC0,0X00,
 212          0X7F,0XFF,0XFF,0XFF,0XFF,0XFF,0XFF,0XFF,0XFF,0XFF,0XFF,0XFF,0XFF,0XFF,0X80,0X00,
 213          0X7F,0XFF,0XFF,0XFF,0XFF,0XFF,0XFF,0XFF,0XFF,0XFF,0XFF,0XFF,0XFF,0XFE,0X00,0X00,
 214          0X7F,0XFF,0XFF,0XFF,0XFF,0XFF,0XFF,0XFF,0XFF,0XFF,0XFF,0XFF,0XFF,0XFC,0X00,0X00,
 215          0X3F,0XFF,0XFF,0XFF,0XFF,0XFF,0XFF,0XFF,0XFF,0XFF,0XFF,0XFF,0XFF,0XF0,0X00,0X00,
 216          0X3F,0XFF,0XFF,0XFF,0XFF,0XFF,0XFF,0XFF,0XFF,0XFF,0XFF,0XFF,0XFF,0XC0,0X00,0X00,
 217          0X1F,0XFF,0XFF,0XFF,0XFF,0XFF,0XFF,0XFF,0XFF,0XFF,0XFF,0XFF,0XFF,0X80,0X00,0X00,
 218          0X0F,0XFF,0XFF,0XFF,0XFF,0XFF,0XFF,0XFF,0XFF,0XFF,0XFF,0XFF,0XFE,0X00,0X00,0X00,
 219          0X07,0XFF,0XFF,0XFF,0XFF,0XFF,0XFF,0XFF,0XFF,0XFF,0XFF,0XFF,0XF8,0X00,0X00,0X00,
 220          0X03,0XFF,0XFF,0XFF,0XFF,0XFF,0XFF,0XFF,0XFF,0XFF,0XFF,0XFF,0XC0,0X00,0X00,0X00,
 221          0X01,0XFF,0XFF,0XFF,0XFF,0XFF,0XFF,0XFF,0XFF,0XFF,0XFF,0XFF,0X00,0X00,0X00,0X00,
 222          0X00,0XFF,0XFF,0XFF,0XFF,0XFF,0XFF,0XFF,0XFF,0XFF,0XFF,0XFC,0X00,0X00,0X00,0X00,
 223          0X00,0X3F,0XFF,0XFF,0XFF,0XFF,0XFF,0XFF,0XFF,0XFF,0XFF,0XE0,0X00,0X00,0X00,0X00,
 224          0X00,0X1F,0XFF,0XFF,0XFF,0XFF,0XFF,0XFF,0XFF,0XFF,0XFF,0X00,0X00,0X00,0X00,0X00,
 225          0X00,0X07,0XFF,0XFF,0XFF,0XFF,0XFF,0XFF,0XFF,0XFF,0XF8,0X00,0X00,0X00,0X00,0X00,
 226          0X00,0X00,0XFF,0XFF,0XFF,0XFF,0XFF,0XFF,0XFF,0XFF,0XC0,0X00,0X00,0X00,0X00,0X00,
 227          0X00,0X00,0X3F,0XFF,0XFF,0XFF,0XFF,0XFF,0XFF,0XFC,0X00,0X00,0X00,0X00,0X00,0X00,
 228          0X00,0X00,0X07,0XFF,0XFF,0XFF,0XFF,0XFF,0XFF,0XC0,0X00,0X00,0X00,0X00,0X00,0X00,
 229          0X00,0X00,0X00,0X7F,0XFF,0XFF,0XFF,0XFF,0XF8,0X00,0X00,0X00,0X00,0X00,0X00,0X00,
 230          0X00,0X00,0X00,0X01,0XFF,0XFF,0XFF,0XFC,0X00,0X00,0X00,0X00,0X00,0X00,0X00,0X00,
 231          0X00,0X00,0X00,0X00,0X00,0X7F,0XE0,0X00,0X00,0X00,0X00,0X00,0X00,0X00,0X00,0X00,
 232          };
 233          
 234          const unsigned char gImage_start[1024] = { /* 0X00,0X01,0X80,0X00,0X40,0X00, */
 235          0X00,0X00,0X00,0X00,0X00,0X00,0X00,0X00,0X00,0X00,0X00,0X00,0X00,0X00,0X00,0X00,
 236          0X00,0X00,0X00,0X00,0X00,0X00,0X00,0X00,0X00,0X00,0X00,0X00,0X00,0X00,0X00,0X00,
 237          0X00,0X00,0X00,0X00,0X00,0X00,0X00,0X00,0X00,0X00,0X00,0X00,0X00,0X00,0X00,0X00,
 238          0X08,0X00,0X00,0X00,0X00,0X00,0X00,0X00,0X00,0X00,0X00,0X00,0X00,0X00,0X00,0X00,
 239          0X08,0X08,0X00,0X00,0X02,0X00,0X00,0X00,0X00,0X00,0X00,0X00,0X00,0X00,0X00,0X00,
 240          0X08,0XDD,0X8C,0X6D,0X9F,0X00,0X00,0X00,0X00,0X00,0X00,0X00,0X00,0X00,0X00,0X00,
C51 COMPILER V9.52.0.0   MAIN                                                              04/11/2022 17:39:13 PAGE 5   

 241          0X08,0X2A,0X00,0X40,0X52,0X00,0X00,0X00,0X00,0X00,0X00,0X00,0X00,0X00,0X00,0X00,
 242          0X09,0X2A,0X00,0X40,0X52,0X00,0X00,0X00,0X00,0X00,0X00,0X00,0X00,0X00,0X00,0X00,
 243          0X09,0XE9,0X0C,0X21,0XD2,0X00,0X00,0X00,0X00,0X00,0X00,0X00,0X00,0X00,0X00,0X00,
 244          0X09,0X08,0X84,0X01,0X52,0X00,0X00,0X00,0X00,0X00,0X00,0X00,0X00,0X00,0X00,0X00,
 245          0X08,0X88,0X84,0X05,0X52,0X00,0X00,0X00,0X00,0X00,0X00,0X00,0X00,0X00,0X00,0X00,
 246          0X0C,0X41,0X08,0X44,0X00,0X00,0X00,0X00,0X00,0X00,0X00,0X00,0X00,0X00,0X00,0X00,
 247          0X00,0X00,0X00,0X00,0X00,0X00,0X00,0X00,0X00,0X00,0X00,0X00,0X00,0X00,0X00,0X00,
 248          0X00,0X00,0X00,0X00,0X00,0X00,0X00,0X00,0X00,0X00,0X00,0X00,0X00,0X00,0X00,0X00,
 249          0X00,0X00,0X00,0X00,0X00,0X00,0X00,0X00,0X00,0X00,0X00,0X00,0X00,0X00,0X00,0X00,
 250          0X00,0X00,0X00,0X00,0X00,0X00,0X00,0X00,0X00,0X00,0X00,0X00,0X00,0X00,0X00,0X00,
 251          0X00,0X00,0X00,0X00,0X00,0X00,0X00,0X00,0X00,0X00,0X00,0X00,0X00,0X00,0X00,0X00,
 252          0X00,0X80,0X00,0X00,0X00,0X80,0X00,0X00,0X00,0X00,0X00,0X00,0X00,0X00,0X00,0X00,
 253          0X0E,0X80,0X00,0X00,0X01,0X00,0X00,0X00,0X00,0X00,0X00,0X00,0X00,0X00,0X00,0X00,
 254          0X04,0X80,0X00,0X00,0X01,0X00,0X00,0X00,0X02,0X00,0X00,0X00,0X00,0X00,0X00,0X00,
 255          0X04,0XE6,0X6C,0X33,0X61,0XC0,0XC3,0X81,0X9B,0X19,0XCC,0X00,0X00,0X00,0X00,0X00,
 256          0X04,0X81,0X42,0X0A,0X11,0X55,0X44,0XA0,0X42,0X05,0X10,0X00,0X00,0X00,0X00,0X00,
 257          0X04,0X81,0X52,0X0A,0X91,0X55,0X44,0XA2,0X52,0X25,0X00,0X00,0X00,0X00,0X00,0X00,
 258          0X04,0X8F,0X5E,0X2A,0XF1,0X51,0XC4,0XA3,0X9A,0X21,0X0C,0X00,0X00,0X00,0X00,0X00,
 259          0X04,0X80,0X50,0X0A,0X81,0X49,0X04,0XAA,0X0A,0X25,0X04,0X00,0X00,0X00,0X00,0X00,
 260          0X04,0X84,0X48,0X2A,0X41,0X49,0X03,0XA9,0X0A,0X15,0X04,0X00,0X00,0X00,0X00,0X00,
 261          0X00,0X02,0X04,0X00,0X20,0X00,0X80,0X80,0X10,0X00,0X08,0X00,0X00,0X00,0X00,0X00,
 262          0X00,0X00,0X00,0X00,0X00,0X00,0X00,0X80,0X00,0X00,0X00,0X00,0X00,0X00,0X00,0X00,
 263          0X00,0X00,0X00,0X00,0X00,0X00,0X00,0X80,0X00,0X00,0X00,0X00,0X00,0X00,0X00,0X00,
 264          0X00,0X00,0X00,0X00,0X00,0X00,0X00,0X00,0X00,0X00,0X00,0X00,0X00,0X00,0X00,0X00,
 265          0X00,0X00,0X00,0X00,0X00,0X00,0X00,0X00,0X00,0X00,0X00,0X00,0X00,0X00,0X00,0X00,
 266          0X00,0X00,0X00,0X00,0X00,0X00,0X00,0X00,0X00,0X00,0X00,0X00,0X00,0X00,0X00,0X00,
 267          0X00,0X00,0X00,0X00,0X01,0X00,0X00,0X00,0X00,0X01,0X00,0X20,0X00,0X00,0X00,0X00,
 268          0X0A,0XA0,0X00,0X00,0X02,0X00,0X00,0X10,0X00,0X01,0X14,0X00,0X00,0X00,0X00,0X00,
 269          0X02,0X80,0X00,0X02,0X02,0X00,0X00,0X10,0X00,0X01,0X14,0X00,0X00,0X00,0X00,0X00,
 270          0X02,0X81,0X8C,0X77,0X63,0X66,0X31,0XDD,0X8C,0XE7,0X00,0X6E,0XC1,0X5B,0X39,0XC0,
 271          0X02,0X83,0X50,0X4A,0X82,0X94,0X22,0X54,0X02,0XA9,0X00,0X0A,0X85,0X50,0XA0,0X40,
 272          0X04,0X82,0X52,0X4A,0X02,0X94,0X22,0X50,0X02,0XA9,0X00,0X00,0X85,0X54,0X22,0X40,
 273          0X08,0X82,0X42,0X4A,0X62,0X94,0X02,0X50,0X0A,0XA9,0X00,0X00,0X84,0X54,0X22,0X40,
 274          0X08,0X82,0X52,0X4A,0X22,0X94,0X02,0X50,0X02,0XA9,0X14,0X00,0X86,0X94,0XA0,0X40,
 275          0X0E,0XE3,0XDC,0X4A,0X22,0X74,0X01,0XD0,0XAE,0XA7,0X1C,0X0A,0X82,0X92,0XA1,0XD0,
 276          0X00,0X02,0X00,0X00,0X00,0X00,0X00,0X40,0X00,0X00,0X00,0X00,0X00,0X00,0X00,0X40,
 277          0X00,0X02,0X00,0X00,0X00,0X00,0X00,0X40,0X00,0X00,0X00,0X00,0X00,0X00,0X00,0X40,
 278          0X00,0X02,0X00,0X00,0X00,0X00,0X01,0X80,0X00,0X00,0X00,0X00,0X00,0X00,0X01,0X80,
 279          0X00,0X00,0X00,0X00,0X00,0X00,0X00,0X00,0X00,0X00,0X00,0X00,0X00,0X00,0X00,0X00,
 280          0X00,0X00,0X00,0X00,0X00,0X00,0X00,0X00,0X00,0X00,0X00,0X00,0X00,0X00,0X00,0X00,
 281          0X00,0X00,0X00,0X00,0X00,0X00,0X00,0X00,0X00,0X00,0X00,0X00,0X00,0X00,0X00,0X00,
 282          0X00,0X00,0X00,0X00,0X00,0X00,0X00,0X00,0X00,0X00,0X00,0X00,0X00,0X00,0X00,0X00,
 283          0X0E,0X00,0X00,0X40,0X00,0X00,0X01,0X00,0X00,0X00,0X00,0X00,0X00,0X00,0X00,0X00,
 284          0X08,0X00,0X00,0X00,0X00,0X10,0X01,0X00,0X00,0X00,0X00,0X00,0X00,0X00,0X00,0X00,
 285          0X08,0XEC,0XD8,0X03,0X30,0XDB,0X3D,0X00,0X00,0X00,0X00,0X00,0X00,0X00,0X00,0X00,
 286          0X0A,0X91,0X00,0X00,0X48,0X10,0XA1,0X00,0X00,0X00,0X00,0X00,0X00,0X00,0X00,0X00,
 287          0X0E,0X95,0X10,0X00,0X48,0X91,0XA0,0X00,0X00,0X00,0X00,0X00,0X00,0X00,0X00,0X00,
 288          0X08,0X90,0XC8,0X00,0X48,0X52,0X80,0X00,0X00,0X00,0X00,0X00,0X00,0X00,0X00,0X00,
 289          0X08,0X90,0X48,0X00,0X48,0X10,0X80,0X00,0X00,0X00,0X00,0X00,0X00,0X00,0X00,0X00,
 290          0X08,0X9D,0XD8,0X01,0X30,0XCB,0X85,0X00,0X00,0X00,0X00,0X00,0X00,0X00,0X00,0X00,
 291          0X00,0X00,0X00,0X00,0X00,0X00,0X00,0X00,0X00,0X00,0X00,0X00,0X00,0X00,0X00,0X00,
 292          0X00,0X00,0X00,0X00,0X00,0X00,0X00,0X00,0X00,0X00,0X00,0X00,0X00,0X00,0X00,0X00,
 293          0X00,0X00,0X00,0X00,0X00,0X00,0X00,0X00,0X00,0X00,0X00,0X00,0X00,0X00,0X00,0X00,
 294          0X00,0X00,0X00,0X00,0X00,0X00,0X00,0X00,0X00,0X00,0X00,0X00,0X00,0X00,0X00,0X00,
 295          0X00,0X00,0X00,0X00,0X00,0X00,0X00,0X00,0X00,0X00,0X00,0X00,0X00,0X00,0X00,0X00,
 296          0X00,0X00,0X00,0X00,0X00,0X00,0X00,0X00,0X00,0X00,0X00,0X00,0X00,0X00,0X00,0X00,
 297          0X00,0X00,0X00,0X00,0X00,0X00,0X00,0X00,0X00,0X00,0X00,0X00,0X00,0X00,0X00,0X00,
 298          0X00,0X00,0X00,0X00,0X00,0X00,0X00,0X00,0X00,0X00,0X00,0X00,0X00,0X00,0X00,0X00,
 299          };
 300          
 301          sbit INT1 = P0^3; //0的时候按键没用
 302          
C51 COMPILER V9.52.0.0   MAIN                                                              04/11/2022 17:39:13 PAGE 6   

 303          
 304          unsigned int Time_num; //全局计时用
 305          unsigned int flag=0;
 306          unsigned int answerf=0;
 307          unsigned int i=0;
 308          unsigned int question=0;
 309          unsigned int score=0;
 310          unsigned int time=0;
 311          int myflag;
 312          uchar Temp[5];
 313          uchar code str0[]="抑郁症初步测试";
 314          uchar code str1[]="结果仅参考";
 315          uchar code str2[]="小鱼出品";
 316          uchar code str3[]="任意键跳过";
 317          
 318          
 319          typedef struct{
 320            unsigned char que[16];
 321            unsigned char ansA[16];
 322            unsigned char ansB[16];
 323            unsigned char ansC[16];
 324          }Question;
 325          
 326          uchar code SONG_TONE[]={212,212,190,212,159,169,212,212,190,212,142,159,
 327          212,212,106,126,159,169,190,119,119,126,159,142,159,0};
 328          uchar code SONG_LONG[]={9,3,12,12,12,24,9,3,12,12,12,24,
 329          9,3,12,12,12,12,12,9,3,12,12,12,24,0};
 330          
 331          
 332          void PlayMusic()
 333          {
 334   1      uint i=0,j,k;
 335   1      while(SONG_LONG[i]!=0||SONG_TONE[i]!=0){
 336   2          for(j=0;j<SONG_LONG[i]*20;j++){
 337   3          if(P4==0x00) P4=0xff;
 338   3          else P4=0x00;
 339   3          for(k=0;k<SONG_TONE[i]/3;k++);
 340   3          }
 341   2          Delay_ms(10);
 342   2          i++;
 343   2      }
 344   1      }
 345          
 346          
 347          void Delay_xMs(unsigned int x)
 348          {
 349   1          unsigned int i,j;
 350   1          for( i =0;i < x;i++ )
 351   1          {
 352   2              for( j =0;j<3;j++ );
 353   2          }
 354   1      }
 355          
 356          
 357          void Port_IO_Init()
 358          {
 359   1        //set P4[1] to push_pull model
 360   1          P74OUT |= 0x01;
 361   1        //enable crossbar
 362   1          XBR2 |= 0x40;
 363   1          //close the alam P4.1
 364   1          P4 &= 0xfd;
C51 COMPILER V9.52.0.0   MAIN                                                              04/11/2022 17:39:13 PAGE 7   

 365   1        //uart1,int1
 366   1        XBR1 |= 0x14;
 367   1        XBR2 |= 0x44;
 368   1      }
 369          
 370          void Oscillator_Init()
 371          {
 372   1          int i = 0;
 373   1          OSCXCN    = 0x67;
 374   1          for (i = 0; i < 3000; i++);  // Wait 1ms for initialization
 375   1          while ((OSCXCN & 0x80) == 0);
 376   1          OSCICN    = 0x08;
 377   1      }
 378          
 379          void Timer0_Init(void)
 380          {
 381   1        
 382   1        TH0 = TIMER0_RELOAD_HIGH;           // Reinit Timer0 High register
 383   1        TL0 = TIMER0_RELOAD_LOW;
 384   1        ET0 = 1;                            // Timer0 interrupt enabled
 385   1        TMOD = 0x01;                        // 16-bit Mode Timer0
 386   1        //TCON |= 0x10;                        // Timer0 ON
 387   1      }
 388          
 389          
 390          void Interrupt_Init()
 391          {
 392   1        //INT1
 393   1        //low level triggle
 394   1        IT1 = 0;
 395   1        //enable INT1
 396   1        EX1 = 1;
 397   1        //enable all interrupt
 398   1        EA = 1;
 399   1      }
 400          
 401          void Init_Device(void)
 402          {
 403   1          //disable watchdog
 404   1          EA = 0;
 405   1          WDTCN = 0xde;
 406   1          WDTCN = 0xad;
 407   1          EA = 1;
 408   1          //SYSCLK_Init();
 409   1          Oscillator_Init();
 410   1          Port_IO_Init();
 411   1        
 412   1          Interrupt_Init();
 413   1        
 414   1          LcdInit();
 415   1          LedInit();
 416   1      }
 417          
 418          void TimeCounter(int second){
 419   1        
 420   1        while(Time_num<second*100){
 421   2          TR0=1;
 422   2          LedDispNum();
 423   2          if(answerf==1){
 424   3            time+=Time_num;
 425   3            break;
 426   3          }
C51 COMPILER V9.52.0.0   MAIN                                                              04/11/2022 17:39:13 PAGE 8   

 427   2        }
 428   1        TR0=0;
 429   1        time+=Time_num;
 430   1        Time_num=0;
 431   1      }
 432          
 433          void ResDis(void){
 434   1        while(Time_num<5*100){
 435   2          TR0=1;
 436   2          ResDispNum();
 437   2        }
 438   1        TR0=0;
 439   1        Time_num=0;
 440   1      }
 441          
 442          //-----------------------------------------------------------------------------
 443          // 主程序
 444          //-----------------------------------------------------------------------------
 445          
 446          void main()
 447          { 
 448   1        int mm;
 449   1      
 450   1        Question Que[15];
 451   1        Init_Device();
 452   1      
 453   1        Timer0_Init();
 454   1        INT1 = 1;
 455   1        LcdInit();  
 456   1      
 457   1        strcpy(Que[0].que,"你想要打人吗");
 458   1        strcpy(Que[1].que,"人们对我不太友好");
 459   1        strcpy(Que[2].que,"不大想吃东西");
 460   1        strcpy(Que[3].que,"心里觉得苦闷");
 461   1        strcpy(Que[4].que,"总觉得自己不如人");
 462   1        strcpy(Que[5].que,"无法集中精力");
 463   1        strcpy(Que[6].que,"自觉情绪低沉");
 464   1        strcpy(Que[7].que,"任何事情觉得费力");
 465   1        strcpy(Que[8].que,"自己的生活是失败");
 466   1        strcpy(Que[9].que,"感到害怕");
 467   1        for (mm=0;mm<10;mm++){
 468   2        strcpy(Que[mm].ansA,"每周0--3次");
 469   2        strcpy(Que[mm].ansB,"每周4--6次");
 470   2        strcpy(Que[mm].ansC,"每周7 次以上");
 471   2      }
 472   1        strcpy(Que[12].que,"你是乐观的孩子");
 473   1        strcpy(Que[12].ansA,"阳光并且积极");
 474   1        strcpy(Que[12].ansB,"困难不会打败你");
 475   1        strcpy(Que[12].ansC,"继续加油吧");
 476   1      
 477   1        strcpy(Que[13].que,"你是理智的孩子");
 478   1        strcpy(Que[13].ansA,"居安思危的处事");
 479   1        strcpy(Que[13].ansB,"谨慎的走每一步");
 480   1        strcpy(Que[13].ansC,"继续加油吧");
 481   1      
 482   1        strcpy(Que[14].que,"你应当寻求帮助");
 483   1        strcpy(Que[14].ansA,"医生或者心理辅导");
 484   1        strcpy(Que[14].ansB,"不用担心说出");
 485   1        strcpy(Que[14].ansC,"继续加油吧");
 486   1        
 487   1        ImageShow( xjtu_image2);
 488   1        Delay_ms(3000);
C51 COMPILER V9.52.0.0   MAIN                                                              04/11/2022 17:39:13 PAGE 9   

 489   1        LcdInit();
 490   1        WriteStr(0, 0, str0);
 491   1        WriteStr(1, 0, str1);
 492   1        WriteStr(2, 0, str2);
 493   1        WriteStr(3, 0, str3);
 494   1        Delay_ms(3000);
 495   1        LcdInit();
 496   1        //开机动画
 497   1        
 498   1        LcdInit();
 499   1        score=0;
 500   1        flag=0;
 501   1        Time_num=0;
 502   1        time=0;
 503   1      //  ImageShow(gImage_start);
 504   1      //  if(flag==1){
 505   1        while(question<10){
 506   2            LcdInit();
 507   2            WriteStr(0, 0, Que[question].que);
 508   2            WriteStr(1, 0, Que[question].ansA);
 509   2            WriteStr(2, 0, Que[question].ansB);
 510   2            WriteStr(3, 0, Que[question].ansC);
 511   2          
 512   2            P4=0xff;
 513   2            Delay_ms(100);
 514   2            P4=0x00;
 515   2            //计时开始提示音
 516   2            TimeCounter(5);
 517   2            P4=0xff;
 518   2            Delay_ms(100);
 519   2            P4=0x00;
 520   2            //计时结束
 521   2            if(flag==1){
 522   3              score+=0;
 523   3              LcdInit();
 524   3              ImageShow(xjtu_image1);
 525   3              Delay_ms(50);
 526   3            }
 527   2            if (flag==2){
 528   3              score+=2;
 529   3              LcdInit();
 530   3              ImageShow(xjtu_image1);
 531   3              Delay_ms(50);
 532   3            }
 533   2            if (flag==3){
 534   3              score+=3;
 535   3                LcdInit();
 536   3                ImageShow(xjtu_image1);
 537   3                Delay_ms(50);
 538   3            }
 539   2            flag=0;
 540   2            answerf=0;
 541   2            //标志位重新置为0
 542   2            question++;
 543   2          }
 544   1          
 545   1            if(score<=5){
 546   2              LcdInit();
 547   2              WriteStr(0, 0, Que[12].que);
 548   2              WriteStr(1, 0, Que[12].ansA);
 549   2              WriteStr(2, 0, Que[12].ansB);
 550   2              WriteStr(3, 0, Que[12].ansC);
C51 COMPILER V9.52.0.0   MAIN                                                              04/11/2022 17:39:13 PAGE 10  

 551   2              P4=0x00;//关闭蜂鸣器
 552   2              PlayMusic();//播放音乐
 553   2              Delay_ms(3000);
 554   2            }
 555   1            if(score>5&&score<=20){
 556   2              LcdInit();
 557   2              WriteStr(0, 0, Que[13].que);
 558   2              WriteStr(1, 0, Que[13].ansA);
 559   2              WriteStr(2, 0, Que[13].ansB);
 560   2              WriteStr(3, 0, Que[13].ansC);
 561   2              P4=0x00;//关闭蜂鸣器
 562   2              PlayMusic();//播放音乐
 563   2              Delay_ms(3000);
 564   2            }
 565   1            if(score>20&&score<=30){
 566   2              LcdInit();
 567   2              WriteStr(0, 0, Que[14].que);
 568   2              WriteStr(1, 0, Que[14].ansA);
 569   2              WriteStr(2, 0, Que[14].ansB);
 570   2              WriteStr(3, 0, Que[14].ansC);
 571   2              P4=0x00;//关闭蜂鸣器
 572   2              PlayMusic();//播放音乐
 573   2              Delay_ms(3000);
 574   2            }
 575   1      }
 576          
 577          void INT1_ISR(void) interrupt 2
 578          {
 579   1        Delay_ms(1);
 580   1        answerf=1;
 581   1        switch(P5){
 582   2          case 0xfb:    
 583   2              flag=1;
 584   2              break;    
 585   2          case 0xfd:   
 586   2              flag=2;
 587   2              break;
 588   2          case 0xfe:
 589   2              flag=3;
 590   2              break;
 591   2        }
 592   1      }
 593          
 594          void Timer0_ISR (void) interrupt 1
 595          {
 596   1        TH0 = TIMER0_RELOAD_HIGH;           // Reinit Timer0 High register
 597   1        TL0 = TIMER0_RELOAD_LOW;
 598   1        Time_num++;
 599   1        if(Time_num >= 6000) Time_num = 0;
 600   1        
 601   1      }
 602          
 603          
 604          
 605          


MODULE INFORMATION:   STATIC OVERLAYABLE
   CODE SIZE        =   1773    ----
   CONSTANT SIZE    =   2682    ----
   XDATA SIZE       =   5141     966
   PDATA SIZE       =   ----    ----
C51 COMPILER V9.52.0.0   MAIN                                                              04/11/2022 17:39:13 PAGE 11  

   DATA SIZE        =   ----    ----
   IDATA SIZE       =   ----    ----
   BIT SIZE         =   ----    ----
END OF MODULE INFORMATION.


C51 COMPILATION COMPLETE.  0 WARNING(S),  0 ERROR(S)
